[2018-04-01T13:43:00.605] [WARN] http - ::1 - - "GET /code/smsapi HTTP/1.1" 304 - "" "Mozilla/5.0 (Macintosh; Intel Mac OS X 10_13_3) AppleWebKit/537.36 (KHTML, like Gecko) Chrome/65.0.3325.181 Safari/537.36"
[2018-04-01T13:43:00.676] [ERROR] http - ::1 - - "GET /favicon.ico HTTP/1.1" 404 1721 "http://localhost:3000/code/smsapi" "Mozilla/5.0 (Macintosh; Intel Mac OS X 10_13_3) AppleWebKit/537.36 (KHTML, like Gecko) Chrome/65.0.3325.181 Safari/537.36"
[2018-04-01T13:43:04.815] [INFO] http - ::1 - - "GET /bind.html HTTP/1.1" 200 2269 "" "Mozilla/5.0 (Macintosh; Intel Mac OS X 10_13_3) AppleWebKit/537.36 (KHTML, like Gecko) Chrome/65.0.3325.181 Safari/537.36"
[2018-04-01T13:43:09.145] [INFO] http - ::1 - - "GET /code/smsapi?telphone= HTTP/1.1" 200 58 "http://localhost:3000/bind.html" "Mozilla/5.0 (Macintosh; Intel Mac OS X 10_13_3) AppleWebKit/537.36 (KHTML, like Gecko) Chrome/65.0.3325.181 Safari/537.36"
[2018-04-01T13:43:15.056] [INFO] http - ::1 - - "GET /code/smsapi?telphone=153656547890 HTTP/1.1" 200 55 "http://localhost:3000/bind.html" "Mozilla/5.0 (Macintosh; Intel Mac OS X 10_13_3) AppleWebKit/537.36 (KHTML, like Gecko) Chrome/65.0.3325.181 Safari/537.36"
[2018-04-01T13:43:19.276] [INFO] http - ::1 - - "GET /code/smsapi?telphone=15365654789 HTTP/1.1" 200 101 "http://localhost:3000/bind.html" "Mozilla/5.0 (Macintosh; Intel Mac OS X 10_13_3) AppleWebKit/537.36 (KHTML, like Gecko) Chrome/65.0.3325.181 Safari/537.36"
[2018-04-01T13:43:57.696] [INFO] http - ::1 - - "POST /code/smsbind HTTP/1.1" 200 167 "http://localhost:3000/bind.html" "Mozilla/5.0 (Macintosh; Intel Mac OS X 10_13_3) AppleWebKit/537.36 (KHTML, like Gecko) Chrome/65.0.3325.181 Safari/537.36"
[2018-04-01T13:43:57.704] [INFO] http - ::1 - - "GET /share.html?identitycode=5rDfcYevUTjpVHoAWJidOBzD9ZCJ22i/kkTEKKsA2OuDNg0KvwwG7PKwibbEEQcmZRNT2nfoG/YCAnThTseF/g== HTTP/1.1" 200 1805 "http://localhost:3000/bind.html" "Mozilla/5.0 (Macintosh; Intel Mac OS X 10_13_3) AppleWebKit/537.36 (KHTML, like Gecko) Chrome/65.0.3325.181 Safari/537.36"
[2018-04-01T13:43:57.763] [INFO] http - ::1 - - "POST /info HTTP/1.1" 200 463 "http://localhost:3000/share.html?identitycode=5rDfcYevUTjpVHoAWJidOBzD9ZCJ22i/kkTEKKsA2OuDNg0KvwwG7PKwibbEEQcmZRNT2nfoG/YCAnThTseF/g==" "Mozilla/5.0 (Macintosh; Intel Mac OS X 10_13_3) AppleWebKit/537.36 (KHTML, like Gecko) Chrome/65.0.3325.181 Safari/537.36"
[2018-04-01T13:44:05.183] [INFO] http - ::1 - - "GET /applycan.html?identitycode=5rDfcYevUTjpVHoAWJidOBzD9ZCJ22i/kkTEKKsA2OuDNg0KvwwG7PKwibbEEQcmZRNT2nfoG/YCAnThTseF/g== HTTP/1.1" 200 1839 "http://localhost:3000/share.html?identitycode=5rDfcYevUTjpVHoAWJidOBzD9ZCJ22i/kkTEKKsA2OuDNg0KvwwG7PKwibbEEQcmZRNT2nfoG/YCAnThTseF/g==" "Mozilla/5.0 (Macintosh; Intel Mac OS X 10_13_3) AppleWebKit/537.36 (KHTML, like Gecko) Chrome/65.0.3325.181 Safari/537.36"
[2018-04-01T13:44:06.281] [INFO] http - ::1 - - "POST /apply/smsapi HTTP/1.1" 200 65 "http://localhost:3000/applycan.html?identitycode=5rDfcYevUTjpVHoAWJidOBzD9ZCJ22i/kkTEKKsA2OuDNg0KvwwG7PKwibbEEQcmZRNT2nfoG/YCAnThTseF/g==" "Mozilla/5.0 (Macintosh; Intel Mac OS X 10_13_3) AppleWebKit/537.36 (KHTML, like Gecko) Chrome/65.0.3325.181 Safari/537.36"
[2018-04-01T13:44:07.146] [INFO] http - ::1 - - "POST /apply HTTP/1.1" 200 61 "http://localhost:3000/applycan.html?identitycode=5rDfcYevUTjpVHoAWJidOBzD9ZCJ22i/kkTEKKsA2OuDNg0KvwwG7PKwibbEEQcmZRNT2nfoG/YCAnThTseF/g==" "Mozilla/5.0 (Macintosh; Intel Mac OS X 10_13_3) AppleWebKit/537.36 (KHTML, like Gecko) Chrome/65.0.3325.181 Safari/537.36"
[2018-04-01T13:44:09.086] [INFO] http - ::1 - - "POST /info HTTP/1.1" 200 463 "http://localhost:3000/share.html?identitycode=5rDfcYevUTjpVHoAWJidOBzD9ZCJ22i/kkTEKKsA2OuDNg0KvwwG7PKwibbEEQcmZRNT2nfoG/YCAnThTseF/g==" "Mozilla/5.0 (Macintosh; Intel Mac OS X 10_13_3) AppleWebKit/537.36 (KHTML, like Gecko) Chrome/65.0.3325.181 Safari/537.36"
[2018-04-01T13:44:12.354] [INFO] http - ::1 - - "GET /code/smsapi?telphone=15365654789 HTTP/1.1" 200 101 "http://localhost:3000/bind.html" "Mozilla/5.0 (Macintosh; Intel Mac OS X 10_13_3) AppleWebKit/537.36 (KHTML, like Gecko) Chrome/65.0.3325.181 Safari/537.36"
[2018-04-01T13:44:13.110] [INFO] http - ::1 - - "POST /code/smsbind HTTP/1.1" 200 178 "http://localhost:3000/bind.html" "Mozilla/5.0 (Macintosh; Intel Mac OS X 10_13_3) AppleWebKit/537.36 (KHTML, like Gecko) Chrome/65.0.3325.181 Safari/537.36"
[2018-04-01T13:44:13.118] [WARN] http - ::1 - - "GET /share.html?identitycode=5rDfcYevUTjpVHoAWJidOBzD9ZCJ22i/kkTEKKsA2OuDNg0KvwwG7PKwibbEEQcmZRNT2nfoG/YCAnThTseF/g== HTTP/1.1" 304 - "http://localhost:3000/bind.html" "Mozilla/5.0 (Macintosh; Intel Mac OS X 10_13_3) AppleWebKit/537.36 (KHTML, like Gecko) Chrome/65.0.3325.181 Safari/537.36"
[2018-04-01T13:44:13.174] [INFO] http - ::1 - - "POST /info HTTP/1.1" 200 463 "http://localhost:3000/share.html?identitycode=5rDfcYevUTjpVHoAWJidOBzD9ZCJ22i/kkTEKKsA2OuDNg0KvwwG7PKwibbEEQcmZRNT2nfoG/YCAnThTseF/g==" "Mozilla/5.0 (Macintosh; Intel Mac OS X 10_13_3) AppleWebKit/537.36 (KHTML, like Gecko) Chrome/65.0.3325.181 Safari/537.36"
[2018-04-01T13:45:24.653] [WARN] http - ::1 - - "GET /bind.html HTTP/1.1" 304 - "" "Mozilla/5.0 (Macintosh; Intel Mac OS X 10_13_3) AppleWebKit/537.36 (KHTML, like Gecko) Chrome/65.0.3325.181 Safari/537.36"
[2018-04-01T13:45:29.670] [INFO] http - ::1 - - "GET /code/smsapi?telphone=15383830596 HTTP/1.1" 200 101 "http://localhost:3000/bind.html" "Mozilla/5.0 (Macintosh; Intel Mac OS X 10_13_3) AppleWebKit/537.36 (KHTML, like Gecko) Chrome/65.0.3325.181 Safari/537.36"
[2018-04-01T13:45:32.333] [INFO] http - ::1 - - "POST /code/smsbind HTTP/1.1" 200 62 "http://localhost:3000/bind.html" "Mozilla/5.0 (Macintosh; Intel Mac OS X 10_13_3) AppleWebKit/537.36 (KHTML, like Gecko) Chrome/65.0.3325.181 Safari/537.36"
[2018-04-01T13:45:35.739] [INFO] http - ::1 - - "POST /code/smsbind HTTP/1.1" 200 52 "http://localhost:3000/bind.html" "Mozilla/5.0 (Macintosh; Intel Mac OS X 10_13_3) AppleWebKit/537.36 (KHTML, like Gecko) Chrome/65.0.3325.181 Safari/537.36"
[2018-04-01T13:45:38.011] [INFO] http - ::1 - - "GET /code/smsapi?telphone=15383830596 HTTP/1.1" 200 101 "http://localhost:3000/bind.html" "Mozilla/5.0 (Macintosh; Intel Mac OS X 10_13_3) AppleWebKit/537.36 (KHTML, like Gecko) Chrome/65.0.3325.181 Safari/537.36"
[2018-04-01T13:45:39.380] [INFO] http - ::1 - - "POST /code/smsbind HTTP/1.1" 200 62 "http://localhost:3000/bind.html" "Mozilla/5.0 (Macintosh; Intel Mac OS X 10_13_3) AppleWebKit/537.36 (KHTML, like Gecko) Chrome/65.0.3325.181 Safari/537.36"
[2018-04-01T13:45:50.764] [INFO] http - ::1 - - "POST /code/smsbind HTTP/1.1" 200 52 "http://localhost:3000/bind.html" "Mozilla/5.0 (Macintosh; Intel Mac OS X 10_13_3) AppleWebKit/537.36 (KHTML, like Gecko) Chrome/65.0.3325.181 Safari/537.36"
[2018-04-01T13:47:05.063] [INFO] http - ::1 - - "POST /code/smsbind HTTP/1.1" 200 52 "http://localhost:3000/bind.html" "Mozilla/5.0 (Macintosh; Intel Mac OS X 10_13_3) AppleWebKit/537.36 (KHTML, like Gecko) Chrome/65.0.3325.181 Safari/537.36"
[2018-04-01T13:47:06.473] [INFO] http - ::1 - - "GET /code/smsapi?telphone=15383830596 HTTP/1.1" 200 101 "http://localhost:3000/bind.html" "Mozilla/5.0 (Macintosh; Intel Mac OS X 10_13_3) AppleWebKit/537.36 (KHTML, like Gecko) Chrome/65.0.3325.181 Safari/537.36"
[2018-04-01T13:47:07.310] [INFO] http - ::1 - - "POST /code/smsbind HTTP/1.1" 200 62 "http://localhost:3000/bind.html" "Mozilla/5.0 (Macintosh; Intel Mac OS X 10_13_3) AppleWebKit/537.36 (KHTML, like Gecko) Chrome/65.0.3325.181 Safari/537.36"
[2018-04-01T13:48:10.152] [INFO] http - ::1 - - "GET /code/smsapi?telphone=15383830596 HTTP/1.1" 200 101 "http://localhost:3000/bind.html" "Mozilla/5.0 (Macintosh; Intel Mac OS X 10_13_3) AppleWebKit/537.36 (KHTML, like Gecko) Chrome/65.0.3325.181 Safari/537.36"
[2018-04-01T13:48:11.020] [INFO] http - ::1 - - "POST /code/smsbind HTTP/1.1" 200 167 "http://localhost:3000/bind.html" "Mozilla/5.0 (Macintosh; Intel Mac OS X 10_13_3) AppleWebKit/537.36 (KHTML, like Gecko) Chrome/65.0.3325.181 Safari/537.36"
[2018-04-01T13:48:11.027] [INFO] http - ::1 - - "GET /share.html?identitycode=Qf8PO2aoaYCvNN1JroTrc1oHhHZmu4kkdJnLImCNFWqJ5aBHHE1i3XKCFUHluuQDx8yJefdr3cx1XTWLNCmcoQ== HTTP/1.1" 200 1805 "http://localhost:3000/bind.html" "Mozilla/5.0 (Macintosh; Intel Mac OS X 10_13_3) AppleWebKit/537.36 (KHTML, like Gecko) Chrome/65.0.3325.181 Safari/537.36"
[2018-04-01T13:48:11.076] [INFO] http - ::1 - - "POST /info HTTP/1.1" 200 463 "http://localhost:3000/share.html?identitycode=Qf8PO2aoaYCvNN1JroTrc1oHhHZmu4kkdJnLImCNFWqJ5aBHHE1i3XKCFUHluuQDx8yJefdr3cx1XTWLNCmcoQ==" "Mozilla/5.0 (Macintosh; Intel Mac OS X 10_13_3) AppleWebKit/537.36 (KHTML, like Gecko) Chrome/65.0.3325.181 Safari/537.36"
[2018-04-01T13:48:16.920] [INFO] http - ::1 - - "GET /code/smsapi?telphone=15383830596 HTTP/1.1" 200 101 "http://localhost:3000/bind.html" "Mozilla/5.0 (Macintosh; Intel Mac OS X 10_13_3) AppleWebKit/537.36 (KHTML, like Gecko) Chrome/65.0.3325.181 Safari/537.36"
[2018-04-01T13:48:17.885] [INFO] http - ::1 - - "POST /code/smsbind HTTP/1.1" 200 178 "http://localhost:3000/bind.html" "Mozilla/5.0 (Macintosh; Intel Mac OS X 10_13_3) AppleWebKit/537.36 (KHTML, like Gecko) Chrome/65.0.3325.181 Safari/537.36"
[2018-04-01T13:48:17.891] [WARN] http - ::1 - - "GET /share.html?identitycode=Qf8PO2aoaYCvNN1JroTrc1oHhHZmu4kkdJnLImCNFWqJ5aBHHE1i3XKCFUHluuQDx8yJefdr3cx1XTWLNCmcoQ== HTTP/1.1" 304 - "http://localhost:3000/bind.html" "Mozilla/5.0 (Macintosh; Intel Mac OS X 10_13_3) AppleWebKit/537.36 (KHTML, like Gecko) Chrome/65.0.3325.181 Safari/537.36"
[2018-04-01T13:48:17.933] [INFO] http - ::1 - - "POST /info HTTP/1.1" 200 463 "http://localhost:3000/share.html?identitycode=Qf8PO2aoaYCvNN1JroTrc1oHhHZmu4kkdJnLImCNFWqJ5aBHHE1i3XKCFUHluuQDx8yJefdr3cx1XTWLNCmcoQ==" "Mozilla/5.0 (Macintosh; Intel Mac OS X 10_13_3) AppleWebKit/537.36 (KHTML, like Gecko) Chrome/65.0.3325.181 Safari/537.36"
[2018-04-01T13:48:21.710] [INFO] http - ::1 - - "GET /code/smsapi?telphone=15383830596 HTTP/1.1" 200 101 "http://localhost:3000/bind.html" "Mozilla/5.0 (Macintosh; Intel Mac OS X 10_13_3) AppleWebKit/537.36 (KHTML, like Gecko) Chrome/65.0.3325.181 Safari/537.36"
[2018-04-01T13:48:22.538] [INFO] http - ::1 - - "POST /code/smsbind HTTP/1.1" 200 178 "http://localhost:3000/bind.html" "Mozilla/5.0 (Macintosh; Intel Mac OS X 10_13_3) AppleWebKit/537.36 (KHTML, like Gecko) Chrome/65.0.3325.181 Safari/537.36"
[2018-04-01T13:48:22.544] [WARN] http - ::1 - - "GET /share.html?identitycode=Qf8PO2aoaYCvNN1JroTrc1oHhHZmu4kkdJnLImCNFWqJ5aBHHE1i3XKCFUHluuQDx8yJefdr3cx1XTWLNCmcoQ== HTTP/1.1" 304 - "http://localhost:3000/bind.html" "Mozilla/5.0 (Macintosh; Intel Mac OS X 10_13_3) AppleWebKit/537.36 (KHTML, like Gecko) Chrome/65.0.3325.181 Safari/537.36"
[2018-04-01T13:48:22.587] [INFO] http - ::1 - - "POST /info HTTP/1.1" 200 463 "http://localhost:3000/share.html?identitycode=Qf8PO2aoaYCvNN1JroTrc1oHhHZmu4kkdJnLImCNFWqJ5aBHHE1i3XKCFUHluuQDx8yJefdr3cx1XTWLNCmcoQ==" "Mozilla/5.0 (Macintosh; Intel Mac OS X 10_13_3) AppleWebKit/537.36 (KHTML, like Gecko) Chrome/65.0.3325.181 Safari/537.36"
[2018-04-01T13:48:32.995] [INFO] http - ::1 - - "GET /code/smsapi?telphone=15383830595 HTTP/1.1" 200 101 "http://localhost:3000/bind.html" "Mozilla/5.0 (Macintosh; Intel Mac OS X 10_13_3) AppleWebKit/537.36 (KHTML, like Gecko) Chrome/65.0.3325.181 Safari/537.36"
[2018-04-01T13:48:33.759] [INFO] http - ::1 - - "POST /code/smsbind HTTP/1.1" 200 62 "http://localhost:3000/bind.html" "Mozilla/5.0 (Macintosh; Intel Mac OS X 10_13_3) AppleWebKit/537.36 (KHTML, like Gecko) Chrome/65.0.3325.181 Safari/537.36"
[2018-04-01T13:59:29.723] [INFO] http - ::1 - - "GET /code/smsapi?telphone=15383830595 HTTP/1.1" 200 101 "http://localhost:3000/bind.html" "Mozilla/5.0 (Macintosh; Intel Mac OS X 10_13_3) AppleWebKit/537.36 (KHTML, like Gecko) Chrome/65.0.3325.181 Safari/537.36"
[2018-04-01T13:59:30.516] [INFO] http - ::1 - - "POST /code/smsbind HTTP/1.1" 200 62 "http://localhost:3000/bind.html" "Mozilla/5.0 (Macintosh; Intel Mac OS X 10_13_3) AppleWebKit/537.36 (KHTML, like Gecko) Chrome/65.0.3325.181 Safari/537.36"
[2018-04-01T14:04:34.273] [WARN] http - ::1 - - "GET /bind.html HTTP/1.1" 304 - "" "Mozilla/5.0 (Macintosh; Intel Mac OS X 10_13_3) AppleWebKit/537.36 (KHTML, like Gecko) Chrome/65.0.3325.181 Safari/537.36"
[2018-04-01T15:06:02.211] [ERROR] http - ::1 - - "GET /user/loginin HTTP/1.1" 404 1721 "" "Mozilla/5.0 (Macintosh; Intel Mac OS X 10_13_3) AppleWebKit/537.36 (KHTML, like Gecko) Chrome/65.0.3325.181 Safari/537.36"
[2018-04-01T15:06:46.972] [INFO] http - ::1 - - "GET /users/loginin HTTP/1.1" 200 51 "" "Mozilla/5.0 (Macintosh; Intel Mac OS X 10_13_3) AppleWebKit/537.36 (KHTML, like Gecko) Chrome/65.0.3325.181 Safari/537.36"
[2018-04-01T15:07:02.839] [INFO] http - ::1 - - "GET /users/loginin?username=dailiwang&password=123 HTTP/1.1" 200 51 "" "Mozilla/5.0 (Macintosh; Intel Mac OS X 10_13_3) AppleWebKit/537.36 (KHTML, like Gecko) Chrome/65.0.3325.181 Safari/537.36"
[2018-04-01T15:07:07.778] [WARN] http - ::1 - - "GET /users/loginin?username=dailiwang&password=123 HTTP/1.1" 304 - "" "Mozilla/5.0 (Macintosh; Intel Mac OS X 10_13_3) AppleWebKit/537.36 (KHTML, like Gecko) Chrome/65.0.3325.181 Safari/537.36"
[2018-04-01T15:07:29.955] [INFO] http - ::1 - - "GET /users/loginin?username=dailiwang&password=123 HTTP/1.1" 200 33 "" "Mozilla/5.0 (Macintosh; Intel Mac OS X 10_13_3) AppleWebKit/537.36 (KHTML, like Gecko) Chrome/65.0.3325.181 Safari/537.36"
[2018-04-01T15:07:33.521] [WARN] http - ::1 - - "GET /users/loginin?username=dailiwang&password=123 HTTP/1.1" 304 - "" "Mozilla/5.0 (Macintosh; Intel Mac OS X 10_13_3) AppleWebKit/537.36 (KHTML, like Gecko) Chrome/65.0.3325.181 Safari/537.36"
[2018-04-01T15:15:24.745] [INFO] http - ::1 - - "GET /user/register?username=dailiwang&password=123 HTTP/1.1" 200 33 "" "Mozilla/5.0 (Macintosh; Intel Mac OS X 10_13_3) AppleWebKit/537.36 (KHTML, like Gecko) Chrome/65.0.3325.181 Safari/537.36"
[2018-04-01T15:15:28.829] [INFO] http - ::1 - - "GET /user/register?username=dailiwang&password=123 HTTP/1.1" 200 36 "" "Mozilla/5.0 (Macintosh; Intel Mac OS X 10_13_3) AppleWebKit/537.36 (KHTML, like Gecko) Chrome/65.0.3325.181 Safari/537.36"
[2018-04-01T15:15:31.000] [WARN] http - ::1 - - "GET /user/register?username=dailiwang&password=123 HTTP/1.1" 304 - "" "Mozilla/5.0 (Macintosh; Intel Mac OS X 10_13_3) AppleWebKit/537.36 (KHTML, like Gecko) Chrome/65.0.3325.181 Safari/537.36"
[2018-04-01T15:15:44.772] [INFO] http - ::1 - - "GET /user/loginin?username=dailiwang&password=123 HTTP/1.1" 200 33 "" "Mozilla/5.0 (Macintosh; Intel Mac OS X 10_13_3) AppleWebKit/537.36 (KHTML, like Gecko) Chrome/65.0.3325.181 Safari/537.36"
[2018-04-01T15:15:48.131] [WARN] http - ::1 - - "GET /user/loginin?username=dailiwang&password=123 HTTP/1.1" 304 - "" "Mozilla/5.0 (Macintosh; Intel Mac OS X 10_13_3) AppleWebKit/537.36 (KHTML, like Gecko) Chrome/65.0.3325.181 Safari/537.36"
[2018-04-01T15:15:54.247] [INFO] http - ::1 - - "GET /user/loginin?username=dailiwang&password=1233 HTTP/1.1" 200 33 "" "Mozilla/5.0 (Macintosh; Intel Mac OS X 10_13_3) AppleWebKit/537.36 (KHTML, like Gecko) Chrome/65.0.3325.181 Safari/537.36"
[2018-04-01T15:18:58.929] [INFO] http - ::1 - - "GET /user/register?username=dailiwang&password=1233 HTTP/1.1" 200 36 "" "Mozilla/5.0 (Macintosh; Intel Mac OS X 10_13_3) AppleWebKit/537.36 (KHTML, like Gecko) Chrome/65.0.3325.181 Safari/537.36"
[2018-04-01T15:19:05.514] [INFO] http - ::1 - - "GET /user/register?username=gaolijun&password=1233 HTTP/1.1" 200 33 "" "Mozilla/5.0 (Macintosh; Intel Mac OS X 10_13_3) AppleWebKit/537.36 (KHTML, like Gecko) Chrome/65.0.3325.181 Safari/537.36"
[2018-04-01T15:19:11.404] [INFO] http - ::1 - - "GET /user/loginin?username=gaolijun&password=1233 HTTP/1.1" 200 33 "" "Mozilla/5.0 (Macintosh; Intel Mac OS X 10_13_3) AppleWebKit/537.36 (KHTML, like Gecko) Chrome/65.0.3325.181 Safari/537.36"
[2018-04-01T15:19:17.087] [INFO] http - ::1 - - "GET /user/loginin?username=gaolijun2&password=1233 HTTP/1.1" 200 33 "" "Mozilla/5.0 (Macintosh; Intel Mac OS X 10_13_3) AppleWebKit/537.36 (KHTML, like Gecko) Chrome/65.0.3325.181 Safari/537.36"
[2018-04-01T15:19:22.769] [WARN] http - ::1 - - "GET /user/loginin?username=gaolijun&password=1233 HTTP/1.1" 304 - "" "Mozilla/5.0 (Macintosh; Intel Mac OS X 10_13_3) AppleWebKit/537.36 (KHTML, like Gecko) Chrome/65.0.3325.181 Safari/537.36"
[2018-04-01T15:19:26.458] [INFO] http - ::1 - - "GET /user/loginin?username=gaolijun&password=128]3 HTTP/1.1" 200 33 "" "Mozilla/5.0 (Macintosh; Intel Mac OS X 10_13_3) AppleWebKit/537.36 (KHTML, like Gecko) Chrome/65.0.3325.181 Safari/537.36"
[2018-04-01T17:08:34.635] [WARN] http - ::1 - - "GET /bind.html HTTP/1.1" 304 - "" "Mozilla/5.0 (Macintosh; Intel Mac OS X 10_13_3) AppleWebKit/537.36 (KHTML, like Gecko) Chrome/65.0.3325.181 Safari/537.36"
[2018-04-01T17:08:42.372] [INFO] http - ::1 - - "GET /code/smsapi?telphone=15383830596 HTTP/1.1" 200 101 "http://localhost:3000/bind.html" "Mozilla/5.0 (Macintosh; Intel Mac OS X 10_13_3) AppleWebKit/537.36 (KHTML, like Gecko) Chrome/65.0.3325.181 Safari/537.36"
[2018-04-01T17:08:58.620] [INFO] http - ::1 - - "POST /code/smsbind HTTP/1.1" 200 167 "http://localhost:3000/bind.html" "Mozilla/5.0 (Macintosh; Intel Mac OS X 10_13_3) AppleWebKit/537.36 (KHTML, like Gecko) Chrome/65.0.3325.181 Safari/537.36"
[2018-04-01T17:08:58.632] [INFO] http - ::1 - - "GET /share.html?identitycode=Qf8PO2aoaYCvNN1JroTrc7UdO/w04fk7npnBtE+n76HZcorT2bjuRori8ylWv4Y0TeMj+s3K2eCJcwxtVIsC7g== HTTP/1.1" 200 1805 "http://localhost:3000/bind.html" "Mozilla/5.0 (Macintosh; Intel Mac OS X 10_13_3) AppleWebKit/537.36 (KHTML, like Gecko) Chrome/65.0.3325.181 Safari/537.36"
[2018-04-01T17:08:58.674] [INFO] http - ::1 - - "POST /info HTTP/1.1" 200 463 "http://localhost:3000/share.html?identitycode=Qf8PO2aoaYCvNN1JroTrc7UdO/w04fk7npnBtE+n76HZcorT2bjuRori8ylWv4Y0TeMj+s3K2eCJcwxtVIsC7g==" "Mozilla/5.0 (Macintosh; Intel Mac OS X 10_13_3) AppleWebKit/537.36 (KHTML, like Gecko) Chrome/65.0.3325.181 Safari/537.36"
[2018-04-01T17:10:08.178] [INFO] http - ::1 - - "GET /applycan.html?identitycode=Qf8PO2aoaYCvNN1JroTrc7UdO/w04fk7npnBtE+n76HZcorT2bjuRori8ylWv4Y0TeMj+s3K2eCJcwxtVIsC7g== HTTP/1.1" 200 1839 "http://localhost:3000/share.html?identitycode=Qf8PO2aoaYCvNN1JroTrc7UdO/w04fk7npnBtE+n76HZcorT2bjuRori8ylWv4Y0TeMj+s3K2eCJcwxtVIsC7g==" "Mozilla/5.0 (Macintosh; Intel Mac OS X 10_13_3) AppleWebKit/537.36 (KHTML, like Gecko) Chrome/65.0.3325.181 Safari/537.36"
[2018-04-01T17:10:09.551] [INFO] http - ::1 - - "POST /apply/smsapi HTTP/1.1" 200 65 "http://localhost:3000/applycan.html?identitycode=Qf8PO2aoaYCvNN1JroTrc7UdO/w04fk7npnBtE+n76HZcorT2bjuRori8ylWv4Y0TeMj+s3K2eCJcwxtVIsC7g==" "Mozilla/5.0 (Macintosh; Intel Mac OS X 10_13_3) AppleWebKit/537.36 (KHTML, like Gecko) Chrome/65.0.3325.181 Safari/537.36"
[2018-04-01T17:10:10.312] [INFO] http - ::1 - - "POST /apply HTTP/1.1" 200 63 "http://localhost:3000/applycan.html?identitycode=Qf8PO2aoaYCvNN1JroTrc7UdO/w04fk7npnBtE+n76HZcorT2bjuRori8ylWv4Y0TeMj+s3K2eCJcwxtVIsC7g==" "Mozilla/5.0 (Macintosh; Intel Mac OS X 10_13_3) AppleWebKit/537.36 (KHTML, like Gecko) Chrome/65.0.3325.181 Safari/537.36"
[2018-04-01T17:11:18.676] [INFO] http - ::1 - - "POST /apply/smsapi HTTP/1.1" 200 65 "http://localhost:3000/applycan.html?identitycode=Qf8PO2aoaYCvNN1JroTrc7UdO/w04fk7npnBtE+n76HZcorT2bjuRori8ylWv4Y0TeMj+s3K2eCJcwxtVIsC7g==" "Mozilla/5.0 (Macintosh; Intel Mac OS X 10_13_3) AppleWebKit/537.36 (KHTML, like Gecko) Chrome/65.0.3325.181 Safari/537.36"
[2018-04-01T17:11:19.378] [INFO] http - ::1 - - "POST /apply HTTP/1.1" 200 46 "http://localhost:3000/applycan.html?identitycode=Qf8PO2aoaYCvNN1JroTrc7UdO/w04fk7npnBtE+n76HZcorT2bjuRori8ylWv4Y0TeMj+s3K2eCJcwxtVIsC7g==" "Mozilla/5.0 (Macintosh; Intel Mac OS X 10_13_3) AppleWebKit/537.36 (KHTML, like Gecko) Chrome/65.0.3325.181 Safari/537.36"
[2018-04-01T17:13:56.894] [ERROR] http - ::1 - - "GET /admin/review?telphone=15383830596 HTTP/1.1" 404 1721 "" "Mozilla/5.0 (Macintosh; Intel Mac OS X 10_13_3) AppleWebKit/537.36 (KHTML, like Gecko) Chrome/65.0.3325.181 Safari/537.36"
[2018-04-01T17:14:09.242] [ERROR] http - ::1 - - "GET /admin/review?telphone=15383830596 HTTP/1.1" 500 1729 "" "Mozilla/5.0 (Macintosh; Intel Mac OS X 10_13_3) AppleWebKit/537.36 (KHTML, like Gecko) Chrome/65.0.3325.181 Safari/537.36"
[2018-04-01T17:17:15.789] [INFO] http - ::1 - - "GET /admin/review?telphone=15383830596&startDate=2018-01-01%2000:00:00 HTTP/1.1" 200 245 "" "Mozilla/5.0 (Macintosh; Intel Mac OS X 10_13_3) AppleWebKit/537.36 (KHTML, like Gecko) Chrome/65.0.3325.181 Safari/537.36"
[2018-04-01T17:17:29.065] [INFO] http - ::1 - - "GET /admin/review?telphone=15383830596&startDate=2018-04-01%2000:00:00 HTTP/1.1" 200 245 "" "Mozilla/5.0 (Macintosh; Intel Mac OS X 10_13_3) AppleWebKit/537.36 (KHTML, like Gecko) Chrome/65.0.3325.181 Safari/537.36"
[2018-04-01T17:17:35.571] [INFO] http - ::1 - - "GET /admin/review?telphone=15383830596&startDate=2018-04-02%2000:00:00 HTTP/1.1" 200 41 "" "Mozilla/5.0 (Macintosh; Intel Mac OS X 10_13_3) AppleWebKit/537.36 (KHTML, like Gecko) Chrome/65.0.3325.181 Safari/537.36"
[2018-04-01T17:18:55.981] [INFO] http - ::1 - - "GET /admin/review?telphone=15383830596 HTTP/1.1" 200 45 "" "Mozilla/5.0 (Macintosh; Intel Mac OS X 10_13_3) AppleWebKit/537.36 (KHTML, like Gecko) Chrome/65.0.3325.181 Safari/537.36"
[2018-04-01T17:19:21.696] [ERROR] http - ::1 - - "GET /admin/review?telphone=15383830596&startDate=dsfsd HTTP/1.1" 500 1729 "" "Mozilla/5.0 (Macintosh; Intel Mac OS X 10_13_3) AppleWebKit/537.36 (KHTML, like Gecko) Chrome/65.0.3325.181 Safari/537.36"
[2018-04-01T17:20:10.138] [ERROR] http - ::1 - - "GET /admin/review?telphone=15383830596&startDate=dsfsd HTTP/1.1" 500 1729 "" "Mozilla/5.0 (Macintosh; Intel Mac OS X 10_13_3) AppleWebKit/537.36 (KHTML, like Gecko) Chrome/65.0.3325.181 Safari/537.36"
[2018-04-01T17:21:49.663] [INFO] http - ::1 - - "GET /admin/review?telphone=15383830596&startDate=dsfsd HTTP/1.1" 200 42 "" "Mozilla/5.0 (Macintosh; Intel Mac OS X 10_13_3) AppleWebKit/537.36 (KHTML, like Gecko) Chrome/65.0.3325.181 Safari/537.36"
[2018-04-01T17:22:26.169] [WARN] http - ::1 - - "GET /admin/review?telphone=15383830596&startDate=dsfsd HTTP/1.1" 304 - "" "Mozilla/5.0 (Macintosh; Intel Mac OS X 10_13_3) AppleWebKit/537.36 (KHTML, like Gecko) Chrome/65.0.3325.181 Safari/537.36"
[2018-04-01T17:23:15.737] [INFO] http - ::1 - - "GET /admin/review?telphone=15383830596&startDate=2018 HTTP/1.1" 200 245 "" "Mozilla/5.0 (Macintosh; Intel Mac OS X 10_13_3) AppleWebKit/537.36 (KHTML, like Gecko) Chrome/65.0.3325.181 Safari/537.36"
[2018-04-01T17:24:48.063] [WARN] http - ::1 - - "GET /applycan.html?identitycode=Qf8PO2aoaYCvNN1JroTrc7UdO/w04fk7npnBtE+n76HZcorT2bjuRori8ylWv4Y0TeMj+s3K2eCJcwxtVIsC7g== HTTP/1.1" 304 - "http://localhost:3000/share.html?identitycode=Qf8PO2aoaYCvNN1JroTrc7UdO/w04fk7npnBtE+n76HZcorT2bjuRori8ylWv4Y0TeMj+s3K2eCJcwxtVIsC7g==" "Mozilla/5.0 (Macintosh; Intel Mac OS X 10_13_3) AppleWebKit/537.36 (KHTML, like Gecko) Chrome/65.0.3325.181 Safari/537.36"
[2018-04-01T17:24:49.040] [INFO] http - ::1 - - "POST /apply/smsapi HTTP/1.1" 200 65 "http://localhost:3000/applycan.html?identitycode=Qf8PO2aoaYCvNN1JroTrc7UdO/w04fk7npnBtE+n76HZcorT2bjuRori8ylWv4Y0TeMj+s3K2eCJcwxtVIsC7g==" "Mozilla/5.0 (Macintosh; Intel Mac OS X 10_13_3) AppleWebKit/537.36 (KHTML, like Gecko) Chrome/65.0.3325.181 Safari/537.36"
[2018-04-01T17:24:49.760] [INFO] http - ::1 - - "POST /apply HTTP/1.1" 200 46 "http://localhost:3000/applycan.html?identitycode=Qf8PO2aoaYCvNN1JroTrc7UdO/w04fk7npnBtE+n76HZcorT2bjuRori8ylWv4Y0TeMj+s3K2eCJcwxtVIsC7g==" "Mozilla/5.0 (Macintosh; Intel Mac OS X 10_13_3) AppleWebKit/537.36 (KHTML, like Gecko) Chrome/65.0.3325.181 Safari/537.36"
[2018-04-01T17:24:53.343] [INFO] http - ::1 - - "GET /admin/review?telphone=15383830596&startDate=2018 HTTP/1.1" 200 450 "" "Mozilla/5.0 (Macintosh; Intel Mac OS X 10_13_3) AppleWebKit/537.36 (KHTML, like Gecko) Chrome/65.0.3325.181 Safari/537.36"
[2018-04-01T17:29:17.319] [WARN] http - ::1 - - "GET /applycan.html?identitycode=Qf8PO2aoaYCvNN1JroTrc7UdO/w04fk7npnBtE+n76HZcorT2bjuRori8ylWv4Y0TeMj+s3K2eCJcwxtVIsC7g== HTTP/1.1" 304 - "http://localhost:3000/share.html?identitycode=Qf8PO2aoaYCvNN1JroTrc7UdO/w04fk7npnBtE+n76HZcorT2bjuRori8ylWv4Y0TeMj+s3K2eCJcwxtVIsC7g==" "Mozilla/5.0 (Macintosh; Intel Mac OS X 10_13_3) AppleWebKit/537.36 (KHTML, like Gecko) Chrome/65.0.3325.181 Safari/537.36"
[2018-04-01T17:29:18.633] [INFO] http - ::1 - - "POST /apply/smsapi HTTP/1.1" 200 65 "http://localhost:3000/applycan.html?identitycode=Qf8PO2aoaYCvNN1JroTrc7UdO/w04fk7npnBtE+n76HZcorT2bjuRori8ylWv4Y0TeMj+s3K2eCJcwxtVIsC7g==" "Mozilla/5.0 (Macintosh; Intel Mac OS X 10_13_3) AppleWebKit/537.36 (KHTML, like Gecko) Chrome/65.0.3325.181 Safari/537.36"
[2018-04-01T17:29:19.371] [INFO] http - ::1 - - "POST /apply HTTP/1.1" 200 61 "http://localhost:3000/applycan.html?identitycode=Qf8PO2aoaYCvNN1JroTrc7UdO/w04fk7npnBtE+n76HZcorT2bjuRori8ylWv4Y0TeMj+s3K2eCJcwxtVIsC7g==" "Mozilla/5.0 (Macintosh; Intel Mac OS X 10_13_3) AppleWebKit/537.36 (KHTML, like Gecko) Chrome/65.0.3325.181 Safari/537.36"
[2018-04-01T17:43:13.797] [ERROR] http - ::1 - - "GET /admin/review/oper/ids=[1,2,3] HTTP/1.1" 404 1714 "" "Mozilla/5.0 (Macintosh; Intel Mac OS X 10_13_3) AppleWebKit/537.36 (KHTML, like Gecko) Chrome/65.0.3325.181 Safari/537.36"
[2018-04-01T17:43:49.566] [INFO] http - ::1 - - "GET /admin/review/oper?ids=[1,2,3] HTTP/1.1" 200 45 "" "Mozilla/5.0 (Macintosh; Intel Mac OS X 10_13_3) AppleWebKit/537.36 (KHTML, like Gecko) Chrome/65.0.3325.181 Safari/537.36"
[2018-04-01T20:03:48.908] [INFO] http - ::1 - - "GET /admin/review/oper?ids=1,2,3 HTTP/1.1" 200 45 "" "Mozilla/5.0 (Macintosh; Intel Mac OS X 10_13_3) AppleWebKit/537.36 (KHTML, like Gecko) Chrome/65.0.3325.181 Safari/537.36"
[2018-04-01T20:04:42.034] [ERROR] http - ::1 - - "GET /admin/review/oper?ids=1,2,3&isdeal=1 HTTP/1.1" 500 1808 "" "Mozilla/5.0 (Macintosh; Intel Mac OS X 10_13_3) AppleWebKit/537.36 (KHTML, like Gecko) Chrome/65.0.3325.181 Safari/537.36"
[2018-04-01T20:05:05.885] [ERROR] http - ::1 - - "GET /admin/review/oper?ids=5ac0a237c8a3bc0bb79d9ff1&isdeal=1 HTTP/1.1" 500 1808 "" "Mozilla/5.0 (Macintosh; Intel Mac OS X 10_13_3) AppleWebKit/537.36 (KHTML, like Gecko) Chrome/65.0.3325.181 Safari/537.36"
[2018-04-01T20:11:25.043] [ERROR] http - ::1 - - "GET /admin/review/oper?ids=5ac0a237c8a3bc0bb79d9ff1&isdeal=1 HTTP/1.1" 500 1711 "" "Mozilla/5.0 (Macintosh; Intel Mac OS X 10_13_3) AppleWebKit/537.36 (KHTML, like Gecko) Chrome/65.0.3325.181 Safari/537.36"
[2018-04-01T20:11:37.440] [ERROR] http - ::1 - - "GET /admin/review/oper?ids=5ac0a237c8a3bc0bb79d9ff1&isdeal=1 HTTP/1.1" 500 1711 "" "Mozilla/5.0 (Macintosh; Intel Mac OS X 10_13_3) AppleWebKit/537.36 (KHTML, like Gecko) Chrome/65.0.3325.181 Safari/537.36"
[2018-04-01T20:11:48.637] [ERROR] http - ::1 - - "GET /admin/review/oper?ids=5ac0a237c8a3bc0bb79d9ff1&isdeal=1 HTTP/1.1" 500 1711 "" "Mozilla/5.0 (Macintosh; Intel Mac OS X 10_13_3) AppleWebKit/537.36 (KHTML, like Gecko) Chrome/65.0.3325.181 Safari/537.36"
[2018-04-01T20:13:12.616] [ERROR] http - ::1 - - "GET /admin/review/oper?ids=5ac0a237c8a3bc0bb79d9ff1&isdeal=1 HTTP/1.1" 500 1711 "" "Mozilla/5.0 (Macintosh; Intel Mac OS X 10_13_3) AppleWebKit/537.36 (KHTML, like Gecko) Chrome/65.0.3325.181 Safari/537.36"
[2018-04-01T20:13:14.269] [ERROR] http - ::1 - - "GET /admin/review/oper?ids=5ac0a237c8a3bc0bb79d9ff1&isdeal=1 HTTP/1.1" 500 1711 "" "Mozilla/5.0 (Macintosh; Intel Mac OS X 10_13_3) AppleWebKit/537.36 (KHTML, like Gecko) Chrome/65.0.3325.181 Safari/537.36"
[2018-04-01T20:16:42.086] [INFO] http - ::1 - - "GET /admin/player/edit HTTP/1.1" 200 35 "" "Mozilla/5.0 (Macintosh; Intel Mac OS X 10_13_3) AppleWebKit/537.36 (KHTML, like Gecko) Chrome/65.0.3325.181 Safari/537.36"
[2018-04-01T20:17:03.561] [INFO] http - ::1 - - "GET /admin/player/edit?id=5ac0a237c8a3bc0bb79d9ff1 HTTP/1.1" 200 35 "" "Mozilla/5.0 (Macintosh; Intel Mac OS X 10_13_3) AppleWebKit/537.36 (KHTML, like Gecko) Chrome/65.0.3325.181 Safari/537.36"
[2018-04-01T20:17:08.183] [WARN] http - ::1 - - "GET /admin/player/edit?id=5ac0a237c8a3bc0bb79d9ff1 HTTP/1.1" 304 - "" "Mozilla/5.0 (Macintosh; Intel Mac OS X 10_13_3) AppleWebKit/537.36 (KHTML, like Gecko) Chrome/65.0.3325.181 Safari/537.36"
[2018-04-01T20:17:30.389] [ERROR] http - ::1 - - "GET /admin/player/edit?id=5ac0a237c8a3bc0bb79d9ff1 HTTP/1.1" 500 1799 "" "Mozilla/5.0 (Macintosh; Intel Mac OS X 10_13_3) AppleWebKit/537.36 (KHTML, like Gecko) Chrome/65.0.3325.181 Safari/537.36"
[2018-04-01T20:18:29.661] [INFO] http - ::1 - - "GET /admin/player/edit?id=5ac0a237c8a3bc0bb79d9ff1 HTTP/1.1" 200 48 "" "Mozilla/5.0 (Macintosh; Intel Mac OS X 10_13_3) AppleWebKit/537.36 (KHTML, like Gecko) Chrome/65.0.3325.181 Safari/537.36"
[2018-04-01T20:19:32.237] [ERROR] http - ::1 - - "GET /admin/player/edit?id=5ac0a237c8a3bc0bb79d9ff1 HTTP/1.1" 500 1792 "" "Mozilla/5.0 (Macintosh; Intel Mac OS X 10_13_3) AppleWebKit/537.36 (KHTML, like Gecko) Chrome/65.0.3325.181 Safari/537.36"
[2018-04-01T20:20:05.202] [INFO] http - ::1 - - "GET /admin/player/edit?id=5ac0a237c8a3bc0bb79d9ff1 HTTP/1.1" 200 33 "" "Mozilla/5.0 (Macintosh; Intel Mac OS X 10_13_3) AppleWebKit/537.36 (KHTML, like Gecko) Chrome/65.0.3325.181 Safari/537.36"
[2018-04-01T20:20:43.417] [ERROR] http - ::1 - - "GET /admin/review/oper?ids=5ac0a237c8a3bc0bb79d9ff1&isdeal=1 HTTP/1.1" 500 1808 "" "Mozilla/5.0 (Macintosh; Intel Mac OS X 10_13_3) AppleWebKit/537.36 (KHTML, like Gecko) Chrome/65.0.3325.181 Safari/537.36"
[2018-04-01T20:23:12.260] [INFO] http - ::1 - - "GET /admin/review/oper?ids=5ac0a237c8a3bc0bb79d9ff1&isdeal=1 HTTP/1.1" 200 76 "" "Mozilla/5.0 (Macintosh; Intel Mac OS X 10_13_3) AppleWebKit/537.36 (KHTML, like Gecko) Chrome/65.0.3325.181 Safari/537.36"
[2018-04-01T20:23:50.026] [INFO] http - ::1 - - "GET /admin/review/oper?ids=5ac0a237c8a3bc0bb79d9ff1,5ac0a561dfd37a0c9e0749c4&isdeal=1 HTTP/1.1" 200 76 "" "Mozilla/5.0 (Macintosh; Intel Mac OS X 10_13_3) AppleWebKit/537.36 (KHTML, like Gecko) Chrome/65.0.3325.181 Safari/537.36"
[2018-04-01T20:23:59.582] [INFO] http - ::1 - - "GET /admin/review/oper?ids=5ac0a237c8a3bc0bb79d9ff1,5ac0a561dfd37a0c9e0749c4&isdeal=0 HTTP/1.1" 200 76 "" "Mozilla/5.0 (Macintosh; Intel Mac OS X 10_13_3) AppleWebKit/537.36 (KHTML, like Gecko) Chrome/65.0.3325.181 Safari/537.36"
